date: 2015-07-15 20:32:49.890
argv: d:\Program Files\nodejs\node.exe c:\Users\yonney\AppData\Roaming\npm\node_modules\hexo\bin\hexo server
os: Windows_NT 6.1.7601 win32 x64
version:
  hexo: 2.5.2
  http_parser: 1.0
  node: 0.10.24
  v8: 3.14.5.9
  ares: 1.9.0-DEV
  uv: 0.10.21
  zlib: 1.2.3
  modules: 11
  openssl: 1.0.1e
---

[debug] 20:32:48.010 Config file loaded
[debug] 20:32:48.031 Updating package.json version
[debug] 20:32:48.035 Hexo was just updated. Deleting old cache database.
[debug] 20:32:48.035 Version info checked successfully
[debug] 20:32:48.815 Plugin loaded successfully: hexo-deployer-git
[error] 20:32:48.829 HexoError: Plugin load failed: hexo-generator-archive
ExtendError: Generator function is not defined
    at Generator.register (c:\Users\yonney\AppData\Roaming\npm\node_modules\hexo\lib\extend\generator.js:41:11)
    at Object.<anonymous> (d:\workspace\mikiyonney.github.io\node_modules\hexo-generator-archive\index.js:11:23)
    at Module._compile (module.js:456:26)
    at Object.Module._extensions..js (module.js:474:10)
    at Module.load (module.js:356:32)
    at Function.Module._load (module.js:312:12)
    at Module.require (module.js:364:17)
    at require (module.js:380:17)
    at c:\Users\yonney\AppData\Roaming\npm\node_modules\hexo\lib\loaders\plugins.js:29:13
    at Array.forEach (native)
    at c:\Users\yonney\AppData\Roaming\npm\node_modules\hexo\lib\loaders\plugins.js:25:15
    at ReaddirReq.Req.done (c:\Users\yonney\AppData\Roaming\npm\node_modules\hexo\node_modules\graceful-fs\graceful-fs.js:144:5)
    at ReaddirReq.done (c:\Users\yonney\AppData\Roaming\npm\node_modules\hexo\node_modules\graceful-fs\graceful-fs.js:91:22)
    at Object.oncomplete (fs.js:107:15)

[error] 20:32:48.848 HexoError: Plugin load failed: hexo-generator-category
ExtendError: Generator function is not defined
    at Generator.register (c:\Users\yonney\AppData\Roaming\npm\node_modules\hexo\lib\extend\generator.js:41:11)
    at Object.<anonymous> (d:\workspace\mikiyonney.github.io\node_modules\hexo-generator-category\index.js:9:23)
    at Module._compile (module.js:456:26)
    at Object.Module._extensions..js (module.js:474:10)
    at Module.load (module.js:356:32)
    at Function.Module._load (module.js:312:12)
    at Module.require (module.js:364:17)
    at require (module.js:380:17)
    at c:\Users\yonney\AppData\Roaming\npm\node_modules\hexo\lib\loaders\plugins.js:29:13
    at Array.forEach (native)
    at c:\Users\yonney\AppData\Roaming\npm\node_modules\hexo\lib\loaders\plugins.js:25:15
    at ReaddirReq.Req.done (c:\Users\yonney\AppData\Roaming\npm\node_modules\hexo\node_modules\graceful-fs\graceful-fs.js:144:5)
    at ReaddirReq.done (c:\Users\yonney\AppData\Roaming\npm\node_modules\hexo\node_modules\graceful-fs\graceful-fs.js:91:22)
    at Object.oncomplete (fs.js:107:15)

[error] 20:32:48.866 HexoError: Plugin load failed: hexo-generator-index
ExtendError: Generator function is not defined
    at Generator.register (c:\Users\yonney\AppData\Roaming\npm\node_modules\hexo\lib\extend\generator.js:41:11)
    at Object.<anonymous> (d:\workspace\mikiyonney.github.io\node_modules\hexo-generator-index\index.js:9:23)
    at Module._compile (module.js:456:26)
    at Object.Module._extensions..js (module.js:474:10)
    at Module.load (module.js:356:32)
    at Function.Module._load (module.js:312:12)
    at Module.require (module.js:364:17)
    at require (module.js:380:17)
    at c:\Users\yonney\AppData\Roaming\npm\node_modules\hexo\lib\loaders\plugins.js:29:13
    at Array.forEach (native)
    at c:\Users\yonney\AppData\Roaming\npm\node_modules\hexo\lib\loaders\plugins.js:25:15
    at ReaddirReq.Req.done (c:\Users\yonney\AppData\Roaming\npm\node_modules\hexo\node_modules\graceful-fs\graceful-fs.js:144:5)
    at ReaddirReq.done (c:\Users\yonney\AppData\Roaming\npm\node_modules\hexo\node_modules\graceful-fs\graceful-fs.js:91:22)
    at Object.oncomplete (fs.js:107:15)

[error] 20:32:48.882 HexoError: Plugin load failed: hexo-generator-tag
ExtendError: Generator function is not defined
    at Generator.register (c:\Users\yonney\AppData\Roaming\npm\node_modules\hexo\lib\extend\generator.js:41:11)
    at Object.<anonymous> (d:\workspace\mikiyonney.github.io\node_modules\hexo-generator-tag\index.js:9:23)
    at Module._compile (module.js:456:26)
    at Object.Module._extensions..js (module.js:474:10)
    at Module.load (module.js:356:32)
    at Function.Module._load (module.js:312:12)
    at Module.require (module.js:364:17)
    at require (module.js:380:17)
    at c:\Users\yonney\AppData\Roaming\npm\node_modules\hexo\lib\loaders\plugins.js:29:13
    at Array.forEach (native)
    at c:\Users\yonney\AppData\Roaming\npm\node_modules\hexo\lib\loaders\plugins.js:25:15
    at ReaddirReq.Req.done (c:\Users\yonney\AppData\Roaming\npm\node_modules\hexo\node_modules\graceful-fs\graceful-fs.js:144:5)
    at ReaddirReq.done (c:\Users\yonney\AppData\Roaming\npm\node_modules\hexo\node_modules\graceful-fs\graceful-fs.js:91:22)
    at Object.oncomplete (fs.js:107:15)

[debug] 20:32:48.924 Plugin loaded successfully: hexo-renderer-ejs
[debug] 20:32:49.066 Plugin loaded successfully: hexo-renderer-marked
[debug] 20:32:49.575 Plugin loaded successfully: hexo-renderer-stylus
[error] 20:32:49.710 HexoError: Plugin load failed: hexo-server
ExtendError: Filter type must be either pre or post
    at Filter.register (c:\Users\yonney\AppData\Roaming\npm\node_modules\hexo\lib\extend\filter.js:54:11)
    at Object.<anonymous> (d:\workspace\mikiyonney.github.io\node_modules\hexo-server\index.js:22:20)
    at Module._compile (module.js:456:26)
    at Object.Module._extensions..js (module.js:474:10)
    at Module.load (module.js:356:32)
    at Function.Module._load (module.js:312:12)
    at Module.require (module.js:364:17)
    at require (module.js:380:17)
    at c:\Users\yonney\AppData\Roaming\npm\node_modules\hexo\lib\loaders\plugins.js:29:13
    at Array.forEach (native)
    at c:\Users\yonney\AppData\Roaming\npm\node_modules\hexo\lib\loaders\plugins.js:25:15
    at ReaddirReq.Req.done (c:\Users\yonney\AppData\Roaming\npm\node_modules\hexo\node_modules\graceful-fs\graceful-fs.js:144:5)
    at ReaddirReq.done (c:\Users\yonney\AppData\Roaming\npm\node_modules\hexo\node_modules\graceful-fs\graceful-fs.js:91:22)
    at Object.oncomplete (fs.js:107:15)

[error] 20:32:49.743 TypeError: Cannot read property 'config' of undefined
TypeError: Cannot read property 'config' of undefined
    at module.exports (d:\workspace\mikiyonney.github.io\node_modules\hexo-server\lib\server.js:13:20)
    at c:\Users\yonney\AppData\Roaming\npm\node_modules\hexo\lib\core\index.js:238:9
    at b (domain.js:183:18)
    at Domain.run (domain.js:123:23)
    at Hexo.call (c:\Users\yonney\AppData\Roaming\npm\node_modules\hexo\lib\core\index.js:237:9)
    at c:\Users\yonney\AppData\Roaming\npm\node_modules\hexo\lib\init.js:59:10
    at c:\Users\yonney\AppData\Roaming\npm\node_modules\hexo\node_modules\async\lib\async.js:142:25
    at c:\Users\yonney\AppData\Roaming\npm\node_modules\hexo\node_modules\async\lib\async.js:232:13
    at c:\Users\yonney\AppData\Roaming\npm\node_modules\hexo\node_modules\async\lib\async.js:142:25
    at c:\Users\yonney\AppData\Roaming\npm\node_modules\hexo\node_modules\async\lib\async.js:229:17
    at c:\Users\yonney\AppData\Roaming\npm\node_modules\hexo\node_modules\async\lib\async.js:556:34
    at c:\Users\yonney\AppData\Roaming\npm\node_modules\hexo\lib\loaders\scripts.js:10:24
    at Object.cb [as oncomplete] (fs.js:168:19)
